<?xml version="1.0" encoding="UTF-8"?>
<!-- Generated by org.testng.reporters.JUnitXMLReporter -->
<testsuite ignored="0" hostname="WebCARE" failures="1" tests="4" name="Test" time="336.488" errors="0" timestamp="2023-09-16T13:17:53 IST">
  <testcase classname="Ordercenter_Testcases.submit615AwForm" name="ValidateDoorNumberSubmition" time="32.68">
    <skipped/>
  </testcase> <!-- ValidateDoorNumberSubmition -->
  <testcase classname="Ordercenter_Testcases.submit615AwForm" name="ValidateDoorNumberSubmition" time="189.446">
    <skipped/>
  </testcase> <!-- ValidateDoorNumberSubmition -->
  <testcase classname="Ordercenter_Testcases.submit615AwForm" name="ValidateDoorNumberSubmition" time="9.969">
    <failure type="java.lang.AssertionError" message="expected [$26,901.00] but found [$33,735.00]">
      <![CDATA[java.lang.AssertionError: expected [$26,901.00] but found [$33,735.00]
at Ordercenter_Testcases.submit615AwForm.ValidateDoorNumberSubmition(submit615AwForm.java:57)
at java.base/java.util.ArrayList.forEach(ArrayList.java:1511)
... Removed 31 stack frames]]>
    </failure>
  </testcase> <!-- ValidateDoorNumberSubmition -->
  <testcase classname="Ordercenter_Testcases.Submit615Form" name="ValidateDoorNumberSubmition123" time="11.278"/>
</testsuite> <!-- Test -->
